15:02:27.373 [main                     ] DEBUG Logger               - Configured Logger
15:02:27.377 [main                     ] DEBUG GameApplication      - Logging settings
Title: DashDash
Version: 0.0.3
Width: 1280
Height: 720
Fullscreen: false
Intro: false
Profiling: false
Single step:false
App Mode: DEVELOPER
Menu Key: ESCAPE
Stage Style: DECORATED
Scene Factory: class com.almasb.fxgl.app.scene.SceneFactory

15:02:27.626 [JavaFX Application Thread] DEBUG FXGLApplication      - Initializing FXGL
15:02:27.628 [JavaFX Application Thread] INFO  Engine               - FXGL-17.3 (30.03.2023 11.49) on MAC (J:25.0.1 FX:21.0.6)
15:02:27.628 [JavaFX Application Thread] DEBUG Engine               - JRE Vendor Name: Eclipse Adoptium
15:02:27.628 [JavaFX Application Thread] DEBUG Engine               - Running on OS: Mac OS X version 13.5.1
15:02:27.628 [JavaFX Application Thread] DEBUG Engine               - Architecture: aarch64
15:02:27.628 [JavaFX Application Thread] INFO  Engine               - Source code and latest versions at: https://github.com/AlmasB/FXGL
15:02:27.628 [JavaFX Application Thread] INFO  Engine               -       Ask questions and discuss at: https://github.com/AlmasB/FXGL/discussions
15:02:27.628 [JavaFX Application Thread] INFO  Engine               -              Join the FXGL chat at: https://gitter.im/AlmasB/FXGL
15:02:27.695 [JavaFX Application Thread] DEBUG PrimaryStageWindow   - Creating a JavaFX scene
15:02:27.729 [JavaFX Application Thread] DEBUG PrimaryStageWindow   - Target settings size: 1280.0 x 720.0
15:02:27.729 [JavaFX Application Thread] DEBUG PrimaryStageWindow   - Scaled scene size:    1280.0 x 720.0
15:02:27.729 [JavaFX Application Thread] DEBUG PrimaryStageWindow   - Scaled ratio: (1.0, 1.0)
15:02:27.730 [JavaFX Application Thread] DEBUG PrimaryStageWindow   - Set initial scene to FXGLStartupScene
15:02:27.732 [JavaFX Application Thread] DEBUG PrimaryStageWindow   - Opening main window
15:02:27.789 [JavaFX Application Thread] DEBUG PrimaryStageWindow   - Window border size: (0.0, 28.0)
15:02:27.789 [JavaFX Application Thread] DEBUG PrimaryStageWindow   - Scaled size: 1280.0 x 720.0
15:02:27.789 [JavaFX Application Thread] DEBUG PrimaryStageWindow   - Scaled ratio: (1.0, 1.0)
15:02:27.789 [JavaFX Application Thread] DEBUG PrimaryStageWindow   - Scene size: 1280.0 x 720.0
15:02:27.789 [JavaFX Application Thread] DEBUG PrimaryStageWindow   - Stage size: 1280.0 x 748.0
15:02:27.795 [FXGL Background Thread 1 ] DEBUG Engine               - Initializing environment variables
15:02:27.855 [FXGL Background Thread 1 ] DEBUG FXGLAssetLoaderServi - User app class for loading assets: class com.group.game.dashdash.HelloApplication
15:02:27.855 [FXGL Background Thread 1 ] DEBUG GameApplicationServi - Applying CSS: fxgl_dark.css
15:02:27.856 [FXGL Background Thread 1 ] DEBUG FXGLAssetLoaderServi - Loading from file system: jar:file:///Users/macos/.m2/repository/com/github/almasb/fxgl/17.3/fxgl-17.3.jar!/fxglassets/ui/css/fxgl_dark.css
15:02:27.911 [FXGL Background Thread 1 ] DEBUG GameApplicationServi - Initializing application scenes
15:02:28.015 [FXGL Background Thread 1 ] DEBUG GameWorld            - Game world initialized
15:02:28.039 [FXGL Background Thread 1 ] DEBUG PhysicsWorld         - Physics world initialized: appHeight=720, physics.ppm=50.0
15:02:28.039 [FXGL Background Thread 1 ] DEBUG PhysicsWorld         - Using strategy: BRUTE_FORCE
15:02:28.041 [FXGL Background Thread 1 ] DEBUG GameScene            - Game scene initialized: 1280x720
15:02:28.046 [FXGL Background Thread 1 ] DEBUG FXGL.DefaultMenu     - createMenuBodyGameMenu()
15:02:28.054 [FXGL Background Thread 1 ] DEBUG FXGL.DefaultMenu     - createOptionsMenu()
15:02:28.058 [FXGL Background Thread 1 ] DEBUG FXGLAssetLoaderServi - Loading from file system: jar:file:///Users/macos/.m2/repository/com/github/almasb/fxgl/17.3/fxgl-17.3.jar!/fxglassets/textures/particles/smoke.png
15:02:28.100 [FXGL Background Thread 1 ] DEBUG FXGLAssetLoaderServi - Loading from file system: jar:file:///Users/macos/.m2/repository/com/github/almasb/fxgl/17.3/fxgl-17.3.jar!/fxglassets/textures/particles/trace_horizontal.png
15:02:28.115 [FXGL Background Thread 1 ] DEBUG GameApplicationServi - Application scenes initialized
15:02:28.119 [FXGL Background Thread 1 ] DEBUG SystemBundleService  - Loading FXGL system data
15:02:28.121 [FXGL Background Thread 1 ] DEBUG FileSystemAccess     - Reading from: /Users/macos/Documents/GitHub/2D_Game/system/fxgl.bundle
15:02:28.124 [FXGL Background Thread 1 ] DEBUG SystemBundleService  - Bundle FXGL: {}
15:02:28.124 [FXGL Background Thread 1 ] DEBUG UpdaterService       - Checking for updates
15:02:28.125 [FXGL Background Thread 4 ] DEBUG FXGLApplication      - Loading fonts
15:02:28.125 [FXGL Background Thread 4 ] DEBUG FXGLAssetLoaderServi - Loading from file system: jar:file:///Users/macos/.m2/repository/com/github/almasb/fxgl/17.3/fxgl-17.3.jar!/fxglassets/ui/fonts/VarelaRound-Regular.ttf
15:02:28.125 [FXGL Background Thread 1 ] DEBUG FXGLApplication      - Loading default localization
15:02:28.126 [FXGL Background Thread 1 ] DEBUG FXGLAssetLoaderServi - Loading from file system: jar:file:///Users/macos/.m2/repository/com/github/almasb/fxgl/17.3/fxgl-17.3.jar!/fxglassets/languages/english.lang
15:02:28.132 [FXGL Background Thread 4 ] DEBUG FXGLAssetLoaderServi - Loading from file system: jar:file:///Users/macos/.m2/repository/com/github/almasb/fxgl/17.3/fxgl-17.3.jar!/fxglassets/ui/fonts/Abel-Regular.ttf
15:02:28.134 [FXGL Background Thread 4 ] DEBUG FXGLAssetLoaderServi - Loading from file system: jar:file:///Users/macos/.m2/repository/com/github/almasb/fxgl/17.3/fxgl-17.3.jar!/fxglassets/ui/fonts/TerminalLandMono-Regular.otf
15:02:28.134 [FXGL Background Thread 1 ] INFO  FXGLApplication      - FXGL initialization took: 0.339 sec
15:02:28.135 [FXGL Background Thread 4 ] DEBUG FXGLAssetLoaderServi - Loading from file system: jar:file:///Users/macos/.m2/repository/com/github/almasb/fxgl/17.3/fxgl-17.3.jar!/fxglassets/ui/fonts/Courier-Prime.ttf
15:02:28.138 [JavaFX Application Thread] DEBUG Input                - Registered new binding: Jump - Space
15:02:28.138 [JavaFX Application Thread] WARN  FXGLAssetLoaderServi - Asset "/assets/music/bgm.mp3" was not found!
15:02:28.138 [JavaFX Application Thread] WARN  FXGLAssetLoaderServi - Failed to load MUSIC
15:02:28.139 [JavaFX Application Thread] DEBUG AudioPlayer          - Playing music com.almasb.fxgl.audio.Music@209e3599
15:02:28.139 [JavaFX Application Thread] DEBUG FXGLAssetLoaderServi - Loading from file system: jar:file:///Users/macos/.m2/repository/com/github/almasb/fxgl/17.3/fxgl-17.3.jar!/fxglassets/textures/fxgl_icon.png
15:02:28.154 [JavaFX Application Thread] DEBUG FXGLAssetLoaderServi - Loading from file system: jar:file:///Users/macos/.m2/repository/com/github/almasb/fxgl/17.3/fxgl-17.3.jar!/fxglassets/textures/fxgl_default_cursor.png
15:02:28.155 [JavaFX Application Thread] DEBUG Input                - Registered new binding: Screenshot - CTRL+8
15:02:28.155 [JavaFX Application Thread] DEBUG Input                - Registered new binding: System info dump - CTRL+9
15:02:28.155 [JavaFX Application Thread] DEBUG Input                - Registered new binding: Restart - CTRL+R
15:02:28.155 [JavaFX Application Thread] DEBUG Input                - Registered new binding: Toggle Debug Camera - CTRL+7
15:02:28.156 [JavaFX Application Thread] DEBUG LoopRunner           - Starting loop
15:02:28.156 [JavaFX Application Thread] DEBUG LoopRunner           - Initializing JavaFX AnimationTimerLoop
15:02:28.157 [JavaFX Application Thread] DEBUG GameApplicationServi - Starting new game
15:02:28.157 [JavaFX Application Thread] DEBUG Input                - Clearing active input actions
15:02:28.162 [JavaFX Application Thread] DEBUG GameApplicationServi - Removing overlay from FXGLStartupScene and adding to FXGLLoadingScene
15:02:28.162 [JavaFX Application Thread] DEBUG PrimaryStageWindow   - FXGLStartupScene -> FXGLLoadingScene
15:02:28.162 [JavaFX Application Thread] DEBUG GameApplicationServi - Clearing previous game
15:02:28.162 [JavaFX Application Thread] DEBUG GameScene            - Clearing game scene
15:02:28.162 [JavaFX Application Thread] DEBUG GameWorld            - Clearing game world
15:02:28.162 [JavaFX Application Thread] DEBUG PhysicsWorld         - Clearing physics world
15:02:28.163 [FXGL Background Thread 4 ] DEBUG FXGLApplication      - Initializing game
15:02:28.171 [FXGL Background Thread 4 ] WARN  FXGLAssetLoaderServi - Asset "/assets/textures/bird.png" was not found!
15:02:28.171 [FXGL Background Thread 4 ] WARN  FXGLAssetLoaderServi - Failed to load IMAGE
15:02:28.175 [JavaFX Application Thread] DEBUG FXGLApplication      - Registering font factories with UI factory
15:02:28.192 [FXGL Background Thread 4 ] INFO  FXGLApplication      - Game initialization took: 0.029 sec
15:02:28.203 [JavaFX Application Thread] DEBUG Input                - Clearing active input actions
15:02:28.206 [JavaFX Application Thread] DEBUG GameApplicationServi - Removing overlay from FXGLLoadingScene and adding to GameScene
15:02:28.206 [JavaFX Application Thread] DEBUG PrimaryStageWindow   - FXGLLoadingScene -> GameScene
15:02:28.962 [FXGL Background Thread 2 ] INFO  UpdaterService       - Your current version:  17.3
15:02:28.963 [FXGL Background Thread 2 ] INFO  UpdaterService       - Latest stable version: 21.1
15:02:31.126 [FXGL Background Thread 3 ] DEBUG Engine               - Logging environment variables
15:02:31.126 [FXGL Background Thread 3 ] DEBUG Engine               - achievements: []
15:02:31.126 [FXGL Background Thread 3 ] DEBUG Engine               - actualHeight: 720.0
15:02:31.127 [FXGL Background Thread 3 ] DEBUG Engine               - actualHeightProperty: ReadOnlyDoubleProperty [value: 720.0]
15:02:31.127 [FXGL Background Thread 3 ] DEBUG Engine               - actualWidth: 1280.0
15:02:31.127 [FXGL Background Thread 3 ] DEBUG Engine               - actualWidthProperty: ReadOnlyDoubleProperty [value: 1280.0]
15:02:31.127 [FXGL Background Thread 3 ] DEBUG Engine               - appIcon: fxgl_icon.png
15:02:31.127 [FXGL Background Thread 3 ] DEBUG Engine               - applicationMode: DEVELOPER
15:02:31.127 [FXGL Background Thread 3 ] DEBUG Engine               - cSSList: [fxgl_dark.css]
15:02:31.127 [FXGL Background Thread 3 ] DEBUG Engine               - collisionDetectionStrategy: BRUTE_FORCE
15:02:31.127 [FXGL Background Thread 3 ] DEBUG Engine               - configClass: Optional.empty
15:02:31.127 [FXGL Background Thread 3 ] DEBUG Engine               - credits: []
15:02:31.127 [FXGL Background Thread 3 ] DEBUG Engine               - defaultCursor: CursorInfo(imageName=fxgl_default_cursor.png, hotspotX=7.0, hotspotY=6.0)
15:02:31.127 [FXGL Background Thread 3 ] DEBUG Engine               - devBBoxColorProperty: ObjectProperty [value: 0xff0000ff]
15:02:31.127 [FXGL Background Thread 3 ] DEBUG Engine               - devEnableDebugCameraProperty: BooleanProperty [value: false]
15:02:31.127 [FXGL Background Thread 3 ] DEBUG Engine               - devSensorColorProperty: ObjectProperty [value: 0xffff00ff]
15:02:31.128 [FXGL Background Thread 3 ] DEBUG Engine               - devShowBBoxProperty: BooleanProperty [value: false]
15:02:31.128 [FXGL Background Thread 3 ] DEBUG Engine               - devShowPositionProperty: BooleanProperty [value: false]
15:02:31.128 [FXGL Background Thread 3 ] DEBUG Engine               - enabledMenuItems: []
15:02:31.128 [FXGL Background Thread 3 ] DEBUG Engine               - engineServices: [class com.almasb.fxgl.app.services.FXGLAssetLoaderService, class com.almasb.fxgl.app.FXGLApplication$GameApplicationService, class com.almasb.fxgl.app.services.FXGLDialogService, class com.almasb.fxgl.app.services.IOTaskExecutorService, class com.almasb.fxgl.io.FileSystemService, class com.almasb.fxgl.localization.LocalizationService, class com.almasb.fxgl.app.services.SystemBundleService, class com.almasb.fxgl.profile.SaveLoadService, class com.almasb.fxgl.ui.FXGLUIFactoryServiceProvider, class com.almasb.fxgl.ui.FXGLDialogFactoryServiceProvider, class com.almasb.fxgl.audio.AudioPlayer, class com.almasb.fxgl.notification.impl.NotificationServiceProvider, class com.almasb.fxgl.achievement.AchievementService, class com.almasb.fxgl.cutscene.CutsceneService, class com.almasb.fxgl.minigames.MiniGameService, class com.almasb.fxgl.net.NetService, class com.almasb.fxgl.app.services.UpdaterService, class com.almasb.fxgl.dev.DevService]
15:02:31.128 [FXGL Background Thread 3 ] DEBUG Engine               - fontGame: Abel-Regular.ttf
15:02:31.128 [FXGL Background Thread 3 ] DEBUG Engine               - fontMono: TerminalLandMono-Regular.otf
15:02:31.128 [FXGL Background Thread 3 ] DEBUG Engine               - fontSizeScaleUI: 1.0
15:02:31.128 [FXGL Background Thread 3 ] DEBUG Engine               - fontText: Courier-Prime.ttf
15:02:31.128 [FXGL Background Thread 3 ] DEBUG Engine               - fontUI: VarelaRound-Regular.ttf
15:02:31.128 [FXGL Background Thread 3 ] DEBUG Engine               - fullScreen: BooleanProperty [value: false]
15:02:31.128 [FXGL Background Thread 3 ] DEBUG Engine               - gameDifficulty: MEDIUM
15:02:31.128 [FXGL Background Thread 3 ] DEBUG Engine               - gameDifficultyProperty: ObjectProperty [value: MEDIUM]
15:02:31.128 [FXGL Background Thread 3 ] DEBUG Engine               - globalMusicVolume: 0.5
15:02:31.128 [FXGL Background Thread 3 ] DEBUG Engine               - globalMusicVolumeProperty: DoubleProperty [value: 0.5]
15:02:31.128 [FXGL Background Thread 3 ] DEBUG Engine               - globalSoundVolume: 0.5
15:02:31.128 [FXGL Background Thread 3 ] DEBUG Engine               - globalSoundVolumeProperty: DoubleProperty [value: 0.5]
15:02:31.128 [FXGL Background Thread 3 ] DEBUG Engine               - height: 720
15:02:31.128 [FXGL Background Thread 3 ] DEBUG Engine               - is3D: false
15:02:31.128 [FXGL Background Thread 3 ] DEBUG Engine               - isAndroid: false
15:02:31.128 [FXGL Background Thread 3 ] DEBUG Engine               - isBrowser: false
15:02:31.128 [FXGL Background Thread 3 ] DEBUG Engine               - isClickFeedbackEnabled: false
15:02:31.128 [FXGL Background Thread 3 ] DEBUG Engine               - isCloseConfirmation: false
15:02:31.128 [FXGL Background Thread 3 ] DEBUG Engine               - isDesktop: true
15:02:31.128 [FXGL Background Thread 3 ] DEBUG Engine               - isDeveloperMenuEnabled: false
15:02:31.129 [FXGL Background Thread 3 ] DEBUG Engine               - isEmbedded: false
15:02:31.129 [FXGL Background Thread 3 ] DEBUG Engine               - isEntityPreloadEnabled: true
15:02:31.129 [FXGL Background Thread 3 ] DEBUG Engine               - isExperimentalTiledLargeMap: false
15:02:31.129 [FXGL Background Thread 3 ] DEBUG Engine               - isFileSystemWriteAllowed: true
15:02:31.129 [FXGL Background Thread 3 ] DEBUG Engine               - isFullScreenAllowed: false
15:02:31.129 [FXGL Background Thread 3 ] DEBUG Engine               - isFullScreenFromStart: false
15:02:31.129 [FXGL Background Thread 3 ] DEBUG Engine               - isGameMenuEnabled: true
15:02:31.129 [FXGL Background Thread 3 ] DEBUG Engine               - isIOS: false
15:02:31.129 [FXGL Background Thread 3 ] DEBUG Engine               - isIntroEnabled: false
15:02:31.129 [FXGL Background Thread 3 ] DEBUG Engine               - isLinux: false
15:02:31.129 [FXGL Background Thread 3 ] DEBUG Engine               - isMac: true
15:02:31.129 [FXGL Background Thread 3 ] DEBUG Engine               - isMainMenuEnabled: false
15:02:31.129 [FXGL Background Thread 3 ] DEBUG Engine               - isManualResizeEnabled: false
15:02:31.129 [FXGL Background Thread 3 ] DEBUG Engine               - isMobile: false
15:02:31.129 [FXGL Background Thread 3 ] DEBUG Engine               - isNative: false
15:02:31.129 [FXGL Background Thread 3 ] DEBUG Engine               - isPauseMusicWhenMinimized: true
15:02:31.129 [FXGL Background Thread 3 ] DEBUG Engine               - isPreserveResizeRatio: false
15:02:31.129 [FXGL Background Thread 3 ] DEBUG Engine               - isProfilingEnabled: false
15:02:31.129 [FXGL Background Thread 3 ] DEBUG Engine               - isScaleAffectedOnResize: true
15:02:31.129 [FXGL Background Thread 3 ] DEBUG Engine               - isSingleStep: false
15:02:31.129 [FXGL Background Thread 3 ] DEBUG Engine               - isUserProfileEnabled: false
15:02:31.129 [FXGL Background Thread 3 ] DEBUG Engine               - isWindows: false
15:02:31.129 [FXGL Background Thread 3 ] DEBUG Engine               - language: ObjectProperty [value: ENGLISH]
15:02:31.129 [FXGL Background Thread 3 ] DEBUG Engine               - menuKey: ESCAPE
15:02:31.129 [FXGL Background Thread 3 ] DEBUG Engine               - mouseSensitivity: 0.2
15:02:31.129 [FXGL Background Thread 3 ] DEBUG Engine               - notificationViewClass: class com.almasb.fxgl.notification.view.XboxNotificationView
15:02:31.129 [FXGL Background Thread 3 ] DEBUG Engine               - pixelsPerMeter: 50.0
15:02:31.130 [FXGL Background Thread 3 ] DEBUG Engine               - platform: MAC
15:02:31.130 [FXGL Background Thread 3 ] DEBUG Engine               - prefHeightProperty: ReadOnlyDoubleProperty [value: 720.0]
15:02:31.130 [FXGL Background Thread 3 ] DEBUG Engine               - prefWidthProperty: ReadOnlyDoubleProperty [value: 1280.0]
15:02:31.130 [FXGL Background Thread 3 ] DEBUG Engine               - profileDir: profiles/
15:02:31.130 [FXGL Background Thread 3 ] DEBUG Engine               - profileName: StringProperty [value: DEFAULT]
15:02:31.130 [FXGL Background Thread 3 ] DEBUG Engine               - randomSeed: -1
15:02:31.130 [FXGL Background Thread 3 ] DEBUG Engine               - runtimeInfo: RuntimeInfo(platform=MAC, version=17.3, build=30.03.2023 11.49)
15:02:31.130 [FXGL Background Thread 3 ] DEBUG Engine               - saveFileExt: sav
15:02:31.130 [FXGL Background Thread 3 ] DEBUG Engine               - scaledHeightProp$fxgl: DoubleProperty [bound, value: 720.0]
15:02:31.130 [FXGL Background Thread 3 ] DEBUG Engine               - scaledWidthProp$fxgl: DoubleProperty [bound, value: 1280.0]
15:02:31.130 [FXGL Background Thread 3 ] DEBUG Engine               - sceneFactory: com.almasb.fxgl.app.scene.SceneFactory@487cef68
15:02:31.130 [FXGL Background Thread 3 ] DEBUG Engine               - secondsIn24h: 60
15:02:31.130 [FXGL Background Thread 3 ] DEBUG Engine               - soundMenuBack: menu/back.wav
15:02:31.130 [FXGL Background Thread 3 ] DEBUG Engine               - soundMenuPress: menu/press.wav
15:02:31.130 [FXGL Background Thread 3 ] DEBUG Engine               - soundMenuSelect: menu/select.wav
15:02:31.130 [FXGL Background Thread 3 ] DEBUG Engine               - soundNotification: core/notification.wav
15:02:31.130 [FXGL Background Thread 3 ] DEBUG Engine               - stageStyle: DECORATED
15:02:31.130 [FXGL Background Thread 3 ] DEBUG Engine               - supportedLanguages: [ENGLISH, FRENCH, GERMAN, HUNGARIAN, RUSSIAN]
15:02:31.130 [FXGL Background Thread 3 ] DEBUG Engine               - ticksPerSecond: -1
15:02:31.130 [FXGL Background Thread 3 ] DEBUG Engine               - title: DashDash
15:02:31.130 [FXGL Background Thread 3 ] DEBUG Engine               - urlGithub: https://github.com/AlmasB/FXGL
15:02:31.130 [FXGL Background Thread 3 ] DEBUG Engine               - urlLeaderboard: http://fxgl-top.herokuapp.com/
15:02:31.130 [FXGL Background Thread 3 ] DEBUG Engine               - urlPOM: https://raw.githubusercontent.com/AlmasB/FXGL/release/README.md
15:02:31.131 [FXGL Background Thread 3 ] DEBUG Engine               - userAppClass: class com.group.game.dashdash.HelloApplication
15:02:31.131 [FXGL Background Thread 3 ] DEBUG Engine               - version: 0.0.3
15:02:31.131 [FXGL Background Thread 3 ] DEBUG Engine               - versionCheckDays: 7
15:02:31.131 [FXGL Background Thread 3 ] DEBUG Engine               - width: 1280
15:02:31.131 [FXGL Background Thread 3 ] DEBUG Engine               - Logging services
15:02:31.131 [FXGL Background Thread 3 ] DEBUG Engine               - class com.almasb.fxgl.app.services.FXGLAssetLoaderService
15:02:31.131 [FXGL Background Thread 3 ] DEBUG Engine               - class com.almasb.fxgl.app.FXGLApplication$GameApplicationService
15:02:31.131 [FXGL Background Thread 3 ] DEBUG Engine               - class com.almasb.fxgl.app.services.FXGLDialogService
15:02:31.131 [FXGL Background Thread 3 ] DEBUG Engine               - class com.almasb.fxgl.app.services.IOTaskExecutorService
15:02:31.131 [FXGL Background Thread 3 ] DEBUG Engine               - class com.almasb.fxgl.io.FileSystemService
15:02:31.131 [FXGL Background Thread 3 ] DEBUG Engine               - class com.almasb.fxgl.localization.LocalizationService
15:02:31.131 [FXGL Background Thread 3 ] DEBUG Engine               - class com.almasb.fxgl.app.services.SystemBundleService
15:02:31.131 [FXGL Background Thread 3 ] DEBUG Engine               - class com.almasb.fxgl.profile.SaveLoadService
15:02:31.131 [FXGL Background Thread 3 ] DEBUG Engine               - class com.almasb.fxgl.ui.FXGLUIFactoryServiceProvider
15:02:31.131 [FXGL Background Thread 3 ] DEBUG Engine               - class com.almasb.fxgl.ui.FXGLDialogFactoryServiceProvider
15:02:31.131 [FXGL Background Thread 3 ] DEBUG Engine               - class com.almasb.fxgl.audio.AudioPlayer
15:02:31.131 [FXGL Background Thread 3 ] DEBUG Engine               - class com.almasb.fxgl.notification.impl.NotificationServiceProvider
15:02:31.131 [FXGL Background Thread 3 ] DEBUG Engine               - class com.almasb.fxgl.achievement.AchievementService
15:02:31.131 [FXGL Background Thread 3 ] DEBUG Engine               - class com.almasb.fxgl.cutscene.CutsceneService
15:02:31.131 [FXGL Background Thread 3 ] DEBUG Engine               - class com.almasb.fxgl.minigames.MiniGameService
15:02:31.131 [FXGL Background Thread 3 ] DEBUG Engine               - class com.almasb.fxgl.net.NetService
15:02:31.131 [FXGL Background Thread 3 ] DEBUG Engine               - class com.almasb.fxgl.app.services.UpdaterService
15:02:31.131 [FXGL Background Thread 3 ] DEBUG Engine               - class com.almasb.fxgl.dev.DevService
15:02:51.791 [JavaFX Application Thread] DEBUG GameApplicationServi - Starting new game
15:02:51.792 [JavaFX Application Thread] DEBUG Input                - Clearing active input actions
15:02:51.804 [JavaFX Application Thread] DEBUG GameApplicationServi - Removing overlay from GameScene and adding to FXGLLoadingScene
15:02:51.804 [JavaFX Application Thread] DEBUG PrimaryStageWindow   - GameScene -> FXGLLoadingScene
15:02:51.804 [JavaFX Application Thread] DEBUG GameApplicationServi - Clearing previous game
15:02:51.804 [JavaFX Application Thread] DEBUG GameScene            - Clearing game scene
15:02:51.805 [JavaFX Application Thread] DEBUG GameWorld            - Clearing game world
15:02:51.813 [JavaFX Application Thread] DEBUG PhysicsWorld         - Clearing physics world
15:02:51.814 [FXGL Background Thread 2 ] DEBUG FXGLApplication      - Initializing game
15:02:51.815 [FXGL Background Thread 2 ] WARN  FXGLAssetLoaderServi - Asset "/assets/textures/bird.png" was not found!
15:02:51.815 [FXGL Background Thread 2 ] WARN  FXGLAssetLoaderServi - Failed to load IMAGE
15:02:51.816 [FXGL Background Thread 2 ] INFO  FXGLApplication      - Game initialization took: 0.003 sec
15:02:51.818 [JavaFX Application Thread] DEBUG Input                - Clearing active input actions
15:02:51.822 [JavaFX Application Thread] DEBUG GameApplicationServi - Removing overlay from FXGLLoadingScene and adding to GameScene
15:02:51.822 [JavaFX Application Thread] DEBUG PrimaryStageWindow   - FXGLLoadingScene -> GameScene
15:02:56.357 [JavaFX Application Thread] DEBUG GameApplicationServi - Starting new game
15:02:56.357 [JavaFX Application Thread] DEBUG Input                - Clearing active input actions
15:02:56.365 [JavaFX Application Thread] DEBUG GameApplicationServi - Removing overlay from GameScene and adding to FXGLLoadingScene
15:02:56.366 [JavaFX Application Thread] DEBUG PrimaryStageWindow   - GameScene -> FXGLLoadingScene
15:02:56.366 [JavaFX Application Thread] DEBUG GameApplicationServi - Clearing previous game
15:02:56.366 [JavaFX Application Thread] DEBUG GameScene            - Clearing game scene
15:02:56.366 [JavaFX Application Thread] DEBUG GameWorld            - Clearing game world
15:02:56.368 [JavaFX Application Thread] DEBUG PhysicsWorld         - Clearing physics world
15:02:56.368 [FXGL Background Thread 2 ] DEBUG FXGLApplication      - Initializing game
15:02:56.369 [FXGL Background Thread 2 ] WARN  FXGLAssetLoaderServi - Asset "/assets/textures/bird.png" was not found!
15:02:56.369 [FXGL Background Thread 2 ] WARN  FXGLAssetLoaderServi - Failed to load IMAGE
15:02:56.370 [FXGL Background Thread 2 ] INFO  FXGLApplication      - Game initialization took: 0.002 sec
15:02:56.371 [JavaFX Application Thread] DEBUG Input                - Clearing active input actions
15:02:56.375 [JavaFX Application Thread] DEBUG GameApplicationServi - Removing overlay from FXGLLoadingScene and adding to GameScene
15:02:56.376 [JavaFX Application Thread] DEBUG PrimaryStageWindow   - FXGLLoadingScene -> GameScene
15:03:26.091 [JavaFX Application Thread] DEBUG GameApplicationServi - Starting new game
15:03:26.091 [JavaFX Application Thread] DEBUG Input                - Clearing active input actions
15:03:26.098 [JavaFX Application Thread] DEBUG GameApplicationServi - Removing overlay from GameScene and adding to FXGLLoadingScene
15:03:26.098 [JavaFX Application Thread] DEBUG PrimaryStageWindow   - GameScene -> FXGLLoadingScene
15:03:26.098 [JavaFX Application Thread] DEBUG GameApplicationServi - Clearing previous game
15:03:26.098 [JavaFX Application Thread] DEBUG GameScene            - Clearing game scene
15:03:26.098 [JavaFX Application Thread] DEBUG GameWorld            - Clearing game world
15:03:26.102 [JavaFX Application Thread] DEBUG PhysicsWorld         - Clearing physics world
15:03:26.103 [FXGL Background Thread 2 ] DEBUG FXGLApplication      - Initializing game
15:03:26.104 [FXGL Background Thread 2 ] WARN  FXGLAssetLoaderServi - Asset "/assets/textures/bird.png" was not found!
15:03:26.104 [FXGL Background Thread 2 ] WARN  FXGLAssetLoaderServi - Failed to load IMAGE
15:03:26.105 [FXGL Background Thread 2 ] INFO  FXGLApplication      - Game initialization took: 0.002 sec
15:03:26.106 [JavaFX Application Thread] DEBUG Input                - Clearing active input actions
15:03:26.109 [JavaFX Application Thread] DEBUG GameApplicationServi - Removing overlay from FXGLLoadingScene and adding to GameScene
15:03:26.109 [JavaFX Application Thread] DEBUG PrimaryStageWindow   - FXGLLoadingScene -> GameScene
15:03:29.423 [JavaFX Application Thread] DEBUG GameApplicationServi - Starting new game
15:03:29.423 [JavaFX Application Thread] DEBUG Input                - Clearing active input actions
15:03:29.427 [JavaFX Application Thread] DEBUG GameApplicationServi - Removing overlay from GameScene and adding to FXGLLoadingScene
15:03:29.428 [JavaFX Application Thread] DEBUG PrimaryStageWindow   - GameScene -> FXGLLoadingScene
15:03:29.428 [JavaFX Application Thread] DEBUG GameApplicationServi - Clearing previous game
15:03:29.428 [JavaFX Application Thread] DEBUG GameScene            - Clearing game scene
15:03:29.428 [JavaFX Application Thread] DEBUG GameWorld            - Clearing game world
15:03:29.429 [JavaFX Application Thread] DEBUG PhysicsWorld         - Clearing physics world
15:03:29.429 [FXGL Background Thread 2 ] DEBUG FXGLApplication      - Initializing game
15:03:29.432 [FXGL Background Thread 2 ] WARN  FXGLAssetLoaderServi - Asset "/assets/textures/bird.png" was not found!
15:03:29.432 [FXGL Background Thread 2 ] WARN  FXGLAssetLoaderServi - Failed to load IMAGE
15:03:29.433 [FXGL Background Thread 2 ] INFO  FXGLApplication      - Game initialization took: 0.004 sec
15:03:29.434 [JavaFX Application Thread] DEBUG Input                - Clearing active input actions
15:03:29.437 [JavaFX Application Thread] DEBUG GameApplicationServi - Removing overlay from FXGLLoadingScene and adding to GameScene
15:03:29.437 [JavaFX Application Thread] DEBUG PrimaryStageWindow   - FXGLLoadingScene -> GameScene
15:03:32.757 [JavaFX Application Thread] DEBUG GameApplicationServi - Starting new game
15:03:32.757 [JavaFX Application Thread] DEBUG Input                - Clearing active input actions
15:03:32.764 [JavaFX Application Thread] DEBUG GameApplicationServi - Removing overlay from GameScene and adding to FXGLLoadingScene
15:03:32.764 [JavaFX Application Thread] DEBUG PrimaryStageWindow   - GameScene -> FXGLLoadingScene
15:03:32.764 [JavaFX Application Thread] DEBUG GameApplicationServi - Clearing previous game
15:03:32.764 [JavaFX Application Thread] DEBUG GameScene            - Clearing game scene
15:03:32.764 [JavaFX Application Thread] DEBUG GameWorld            - Clearing game world
15:03:32.766 [JavaFX Application Thread] DEBUG PhysicsWorld         - Clearing physics world
15:03:32.766 [FXGL Background Thread 2 ] DEBUG FXGLApplication      - Initializing game
15:03:32.767 [FXGL Background Thread 2 ] WARN  FXGLAssetLoaderServi - Asset "/assets/textures/bird.png" was not found!
15:03:32.767 [FXGL Background Thread 2 ] WARN  FXGLAssetLoaderServi - Failed to load IMAGE
15:03:32.768 [FXGL Background Thread 2 ] INFO  FXGLApplication      - Game initialization took: 0.002 sec
15:03:32.768 [JavaFX Application Thread] DEBUG Input                - Clearing active input actions
15:03:32.772 [JavaFX Application Thread] DEBUG GameApplicationServi - Removing overlay from FXGLLoadingScene and adding to GameScene
15:03:32.772 [JavaFX Application Thread] DEBUG PrimaryStageWindow   - FXGLLoadingScene -> GameScene
15:03:37.341 [JavaFX Application Thread] DEBUG GameApplicationServi - Starting new game
15:03:37.341 [JavaFX Application Thread] DEBUG Input                - Clearing active input actions
15:03:37.347 [JavaFX Application Thread] DEBUG GameApplicationServi - Removing overlay from GameScene and adding to FXGLLoadingScene
15:03:37.348 [JavaFX Application Thread] DEBUG PrimaryStageWindow   - GameScene -> FXGLLoadingScene
15:03:37.348 [JavaFX Application Thread] DEBUG GameApplicationServi - Clearing previous game
15:03:37.348 [JavaFX Application Thread] DEBUG GameScene            - Clearing game scene
15:03:37.348 [JavaFX Application Thread] DEBUG GameWorld            - Clearing game world
15:03:37.349 [JavaFX Application Thread] DEBUG PhysicsWorld         - Clearing physics world
15:03:37.349 [FXGL Background Thread 2 ] DEBUG FXGLApplication      - Initializing game
15:03:37.350 [FXGL Background Thread 2 ] WARN  FXGLAssetLoaderServi - Asset "/assets/textures/bird.png" was not found!
15:03:37.350 [FXGL Background Thread 2 ] WARN  FXGLAssetLoaderServi - Failed to load IMAGE
15:03:37.351 [FXGL Background Thread 2 ] INFO  FXGLApplication      - Game initialization took: 0.002 sec
15:03:37.351 [JavaFX Application Thread] DEBUG Input                - Clearing active input actions
15:03:37.355 [JavaFX Application Thread] DEBUG GameApplicationServi - Removing overlay from FXGLLoadingScene and adding to GameScene
15:03:37.355 [JavaFX Application Thread] DEBUG PrimaryStageWindow   - FXGLLoadingScene -> GameScene
15:03:43.173 [JavaFX Application Thread] DEBUG GameApplicationServi - Starting new game
15:03:43.174 [JavaFX Application Thread] DEBUG Input                - Clearing active input actions
15:03:43.180 [JavaFX Application Thread] DEBUG GameApplicationServi - Removing overlay from GameScene and adding to FXGLLoadingScene
15:03:43.180 [JavaFX Application Thread] DEBUG PrimaryStageWindow   - GameScene -> FXGLLoadingScene
15:03:43.180 [JavaFX Application Thread] DEBUG GameApplicationServi - Clearing previous game
15:03:43.180 [JavaFX Application Thread] DEBUG GameScene            - Clearing game scene
15:03:43.180 [JavaFX Application Thread] DEBUG GameWorld            - Clearing game world
15:03:43.181 [JavaFX Application Thread] DEBUG PhysicsWorld         - Clearing physics world
15:03:43.181 [FXGL Background Thread 2 ] DEBUG FXGLApplication      - Initializing game
15:03:43.182 [FXGL Background Thread 2 ] WARN  FXGLAssetLoaderServi - Asset "/assets/textures/bird.png" was not found!
15:03:43.182 [FXGL Background Thread 2 ] WARN  FXGLAssetLoaderServi - Failed to load IMAGE
15:03:43.183 [FXGL Background Thread 2 ] INFO  FXGLApplication      - Game initialization took: 0.002 sec
15:03:43.183 [JavaFX Application Thread] DEBUG Input                - Clearing active input actions
15:03:43.187 [JavaFX Application Thread] DEBUG GameApplicationServi - Removing overlay from FXGLLoadingScene and adding to GameScene
15:03:43.187 [JavaFX Application Thread] DEBUG PrimaryStageWindow   - FXGLLoadingScene -> GameScene
15:03:50.257 [JavaFX Application Thread] DEBUG GameApplicationServi - Starting new game
15:03:50.257 [JavaFX Application Thread] DEBUG Input                - Clearing active input actions
15:03:50.263 [JavaFX Application Thread] DEBUG GameApplicationServi - Removing overlay from GameScene and adding to FXGLLoadingScene
15:03:50.263 [JavaFX Application Thread] DEBUG PrimaryStageWindow   - GameScene -> FXGLLoadingScene
15:03:50.263 [JavaFX Application Thread] DEBUG GameApplicationServi - Clearing previous game
15:03:50.263 [JavaFX Application Thread] DEBUG GameScene            - Clearing game scene
15:03:50.263 [JavaFX Application Thread] DEBUG GameWorld            - Clearing game world
15:03:50.264 [JavaFX Application Thread] DEBUG PhysicsWorld         - Clearing physics world
15:03:50.265 [FXGL Background Thread 2 ] DEBUG FXGLApplication      - Initializing game
15:03:50.265 [FXGL Background Thread 2 ] WARN  FXGLAssetLoaderServi - Asset "/assets/textures/bird.png" was not found!
15:03:50.265 [FXGL Background Thread 2 ] WARN  FXGLAssetLoaderServi - Failed to load IMAGE
15:03:50.266 [FXGL Background Thread 2 ] INFO  FXGLApplication      - Game initialization took: 0.002 sec
15:03:50.267 [JavaFX Application Thread] DEBUG Input                - Clearing active input actions
15:03:50.270 [JavaFX Application Thread] DEBUG GameApplicationServi - Removing overlay from FXGLLoadingScene and adding to GameScene
15:03:50.270 [JavaFX Application Thread] DEBUG PrimaryStageWindow   - FXGLLoadingScene -> GameScene
15:04:03.590 [JavaFX Application Thread] DEBUG GameApplicationServi - Starting new game
15:04:03.590 [JavaFX Application Thread] DEBUG Input                - Clearing active input actions
15:04:03.599 [JavaFX Application Thread] DEBUG GameApplicationServi - Removing overlay from GameScene and adding to FXGLLoadingScene
15:04:03.599 [JavaFX Application Thread] DEBUG PrimaryStageWindow   - GameScene -> FXGLLoadingScene
15:04:03.599 [JavaFX Application Thread] DEBUG GameApplicationServi - Clearing previous game
15:04:03.599 [JavaFX Application Thread] DEBUG GameScene            - Clearing game scene
15:04:03.599 [JavaFX Application Thread] DEBUG GameWorld            - Clearing game world
15:04:03.600 [JavaFX Application Thread] DEBUG PhysicsWorld         - Clearing physics world
15:04:03.601 [FXGL Background Thread 2 ] DEBUG FXGLApplication      - Initializing game
15:04:03.602 [FXGL Background Thread 2 ] WARN  FXGLAssetLoaderServi - Asset "/assets/textures/bird.png" was not found!
15:04:03.602 [FXGL Background Thread 2 ] WARN  FXGLAssetLoaderServi - Failed to load IMAGE
15:04:03.603 [FXGL Background Thread 2 ] INFO  FXGLApplication      - Game initialization took: 0.002 sec
15:04:03.603 [JavaFX Application Thread] DEBUG Input                - Clearing active input actions
15:04:03.607 [JavaFX Application Thread] DEBUG GameApplicationServi - Removing overlay from FXGLLoadingScene and adding to GameScene
15:04:03.607 [JavaFX Application Thread] DEBUG PrimaryStageWindow   - FXGLLoadingScene -> GameScene
15:04:04.353 [JavaFX Application Thread] DEBUG FXGLApplication      - Exiting FXGL
15:04:04.353 [JavaFX Application Thread] DEBUG LoopRunner           - Stopping loop
15:04:04.354 [JavaFX Application Thread] DEBUG SystemBundleService  - Saving FXGL system data
15:04:04.360 [JavaFX Application Thread] DEBUG FileSystemAccess     - Writing to: /Users/macos/Documents/GitHub/2D_Game/system/fxgl.bundle
15:04:04.363 [JavaFX Application Thread] DEBUG Async                - Shutting down background threads
15:04:04.363 [JavaFX Application Thread] DEBUG PrimaryStageWindow   - Closing main window
15:04:04.370 [JavaFX Application Thread] DEBUG Logger               - Closing Logger
